Traceback (most recent call last):
  File "<frozen runpy>", line 198, in _run_module_as_main
  File "<frozen runpy>", line 88, in _run_code
  File "C:\Users\Darck\.conda\envs\diplomado-redes\Scripts\uvicorn.exe\__main__.py", line 5, in <module>
  File "C:\Users\Darck\.conda\envs\diplomado-redes\Lib\site-packages\click\core.py", line 1524, in __call__
    return self.main(*args, **kwargs)
           ^^^^^^^^^^^^^^^^^^^^^^^^^^
  File "C:\Users\Darck\.conda\envs\diplomado-redes\Lib\site-packages\click\core.py", line 1445, in main
    rv = self.invoke(ctx)
         ^^^^^^^^^^^^^^^^
  File "C:\Users\Darck\.conda\envs\diplomado-redes\Lib\site-packages\click\core.py", line 1308, in invoke
    return ctx.invoke(self.callback, **ctx.params)
           ^^^^^^^^^^^^^^^^^^^^^^^^^^^^^^^^^^^^^^^
  File "C:\Users\Darck\.conda\envs\diplomado-redes\Lib\site-packages\click\core.py", line 877, in invoke
    return callback(*args, **kwargs)
           ^^^^^^^^^^^^^^^^^^^^^^^^^
  File "C:\Users\Darck\.conda\envs\diplomado-redes\Lib\site-packages\uvicorn\main.py", line 441, in main
    run(
  File "C:\Users\Darck\.conda\envs\diplomado-redes\Lib\site-packages\uvicorn\main.py", line 609, in run
    config.load_app()
  File "C:\Users\Darck\.conda\envs\diplomado-redes\Lib\site-packages\uvicorn\config.py", line 415, in load_app
    return import_from_string(self.app)
           ^^^^^^^^^^^^^^^^^^^^^^^^^^^^
  File "C:\Users\Darck\.conda\envs\diplomado-redes\Lib\site-packages\uvicorn\importer.py", line 22, in import_from_string
    raise exc from None
  File "C:\Users\Darck\.conda\envs\diplomado-redes\Lib\site-packages\uvicorn\importer.py", line 19, in import_from_string
    module = importlib.import_module(module_str)
             ^^^^^^^^^^^^^^^^^^^^^^^^^^^^^^^^^^^
  File "C:\Users\Darck\.conda\envs\diplomado-redes\Lib\importlib\__init__.py", line 126, in import_module
    return _bootstrap._gcd_import(name[level:], package, level)
           ^^^^^^^^^^^^^^^^^^^^^^^^^^^^^^^^^^^^^^^^^^^^^^^^^^^^
  File "<frozen importlib._bootstrap>", line 1204, in _gcd_import
  File "<frozen importlib._bootstrap>", line 1176, in _find_and_load
  File "<frozen importlib._bootstrap>", line 1147, in _find_and_load_unlocked
  File "<frozen importlib._bootstrap>", line 690, in _load_unlocked
  File "<frozen importlib._bootstrap_external>", line 940, in exec_module
  File "<frozen importlib._bootstrap>", line 241, in _call_with_frames_removed
  File "D:\Diplomado-RNA\Modulo-4\Proyectos\Final\app\main.py", line 23, in <module>
    from slowapi import Limiter, _rate_limit_exceeded_handler
ModuleNotFoundError: No module named 'slowapi'
